#
# A fatal error has been detected by the Java Runtime Environment:
#
#  SIGSEGV (0xb) at pc=0x000000010a105594, pid=22616, tid=0x0000000000004103
#
# JRE version: Java(TM) SE Runtime Environment (8.0_101-b13) (build 1.8.0_101-b13)
# Java VM: Java HotSpot(TM) 64-Bit Server VM (25.101-b13 mixed mode bsd-amd64 compressed oops)
# Problematic frame:
# V  [libjvm.dylib+0x44c594]
#
# Failed to write core dump. Core dumps have been disabled. To enable core dumping, try "ulimit -c unlimited" before starting Java again
#
# If you would like to submit a bug report, please visit:
#   http://bugreport.java.com/bugreport/crash.jsp
#

---------------  T H R E A D  ---------------

Current thread (0x00007fc1f1013000):  JavaThread "JDWP Transport Listener: dt_socket" daemon [_thread_in_vm, id=16643, stack(0x00000001e32b6000,0x00000001e33b6000)]

siginfo: si_signo: 11 (SIGSEGV), si_code: 0 (unknown), si_addr: 0x0000000000000000

Registers:
RAX=0x0000000000000001, RBX=0x00000001e33b5a8b, RCX=0x000000010a4d8360, RDX=0x00000001e33b5a8b
RSP=0x00000001e33b59d0, RBP=0x00000001e33b59e0, RSI=0x00007fc1f1013000, RDI=0x0002000000000000
R8 =0x0000000000000000, R9 =0x00007fc1f0f00000, R10=0x0000000000000010, R11=0x00007fc1f0f00000
R12=0x00007fc1f1013000, R13=0x0002000000000000, R14=0x0002000000000000, R15=0x00007fc1f0f00040
RIP=0x000000010a105594, EFLAGS=0x0000000000010206, ERR=0x0000000000000000
  TRAPNO=0x000000000000000d

Top of Stack: (sp=0x00000001e33b59d0)
0x00000001e33b59d0:   00000001e33b5a8b 00000001e33b5a8b
0x00000001e33b59e0:   00000001e33b5a40 000000010a0110d2
0x00000001e33b59f0:   00007fc1f1013000 0000000000000000
0x00000001e33b5a00:   0000000000000000 0000000000000000
0x00000001e33b5a10:   00007fc1f1013000 00007fc1f1013000
0x00000001e33b5a20:   00000001e33b5a8b 00000001e33b5a90
0x00000001e33b5a30:   0002000000000000 0000000000000003
0x00000001e33b5a40:   00000001e33b5a60 000000010add4780
0x00000001e33b5a50:   0000000000000001 00000001e33b5b08
0x00000001e33b5a60:   00000001e33b5ad0 000000010adb91f3
0x00000001e33b5a70:   00000001e33b5aa0 00007fc1f0f23e80
0x00000001e33b5a80:   0000000400000032 00000009003b5b08
0x00000001e33b5a90:   0000000000000000 0000000000000000
0x00000001e33b5aa0:   0000000000000000 00000001e33b5c90
0x00000001e33b5ab0:   000000010addbe7a 00007fc1f0f23e40
0x00000001e33b5ac0:   00000001e33b5b08 000000010ade7598
0x00000001e33b5ad0:   00000001e33b5ae0 000000010adb92ec
0x00000001e33b5ae0:   00000001e33b5d00 000000010adc2898
0x00000001e33b5af0:   0000195000000013 00000000000f0200
0x00000001e33b5b00:   00007fc1f0f220d0 00000001e33b5c53
0x00000001e33b5b10:   00007fc100000031 00000001e33b5b20
0x00000001e33b5b20:   00007fc1000000fb 00000001e33b5b58
0x00000001e33b5b30:   0000000000000000 0000000000000000
0x00000001e33b5b40:   000019500000001c 0000000000000080
0x00000001e33b5b50:   00000001e33b5b58 c17f000004000000
0x00000001e33b5b60:   1b00000030ebc1f0 65726c4174726f73
0x00000001e33b5b70:   6574726f53796461 4c64656b6e694c64
0x00000001e33b5b80:   284a000000747369 727473617461644c
0x00000001e33b5b90:   2f73657275746375 696c64656b6e696c
0x00000001e33b5ba0:   4e7473694c2f7473 61644c293b65646f
0x00000001e33b5bb0:   7463757274736174 6e696c2f73657275
0x00000001e33b5bc0:   2f7473696c64656b 65646f4e7473694c 

Instructions: (pc=0x000000010a105594)
0x000000010a105574:   40 48 48 85 c0 75 e0 30 c0 0f b6 c0 5d c3 31 c0
0x000000010a105584:   5d c3 55 48 89 e5 53 48 83 ec 08 48 85 ff 74 24
0x000000010a105594:   48 8b 1f 48 85 db 74 1c 48 83 fb 37 74 16 48 8b
0x000000010a1055a4:   03 48 89 df ff 50 10 84 c0 b8 00 00 00 00 48 0f 

Register to memory mapping:

RAX=0x0000000000000001 is an unknown value
RBX=0x00000001e33b5a8b is pointing into the stack for thread: 0x00007fc1f1013000
RCX=0x000000010a4d8360: UseMembar+0 in /Library/Java/JavaVirtualMachines/jdk1.8.0_101.jdk/Contents/Home/jre/lib/server/libjvm.dylib at 0x0000000109cb9000
RDX=0x00000001e33b5a8b is pointing into the stack for thread: 0x00007fc1f1013000
RSP=0x00000001e33b59d0 is pointing into the stack for thread: 0x00007fc1f1013000
RBP=0x00000001e33b59e0 is pointing into the stack for thread: 0x00007fc1f1013000
RSI=0x00007fc1f1013000 is a thread
RDI=0x0002000000000000 is an unknown value
R8 =0x0000000000000000 is an unknown value
R9 =0x00007fc1f0f00000 is an unknown value
R10=0x0000000000000010 is an unknown value
R11=0x00007fc1f0f00000 is an unknown value
R12=0x00007fc1f1013000 is a thread
R13=0x0002000000000000 is an unknown value
R14=0x0002000000000000 is an unknown value
R15=0x00007fc1f0f00040 is an unknown value


Stack: [0x00000001e32b6000,0x00000001e33b6000],  sp=0x00000001e33b59d0,  free space=1022k
Native frames: (J=compiled Java code, j=interpreted, Vv=VM code, C=native code)
V  [libjvm.dylib+0x44c594]
V  [libjvm.dylib+0x3580d2]
C  [libjdwp.dylib+0x20780]  isMethodSynthetic+0x63
C  [libjdwp.dylib+0x51f3]  methods1+0x10b
C  [libjdwp.dylib+0x52ec]  methodsWithGeneric+0xe
C  [libjdwp.dylib+0xe898]  debugLoop_run+0x1ce
C  [libjdwp.dylib+0x1f6ba]  attachThread+0x4d
V  [libjvm.dylib+0x399438]
V  [libjvm.dylib+0x5695ab]
V  [libjvm.dylib+0x56ac98]
V  [libjvm.dylib+0x48933a]
C  [libsystem_pthread.dylib+0x405a]  _pthread_body+0x83
C  [libsystem_pthread.dylib+0x3fd7]  _pthread_body+0x0
C  [libsystem_pthread.dylib+0x13ed]  thread_start+0xd
C  0x0000000000000000


---------------  P R O C E S S  ---------------

Java Threads: ( => current thread )
  0x00007fc1f1014000 JavaThread "Service Thread" daemon [_thread_blocked, id=19715, stack(0x00000001e38c8000,0x00000001e39c8000)]
  0x00007fc1f101f000 JavaThread "C1 CompilerThread2" daemon [_thread_blocked, id=19203, stack(0x00000001e37c5000,0x00000001e38c5000)]
  0x00007fc1f201d000 JavaThread "C2 CompilerThread1" daemon [_thread_blocked, id=18691, stack(0x00000001e36c2000,0x00000001e37c2000)]
  0x00007fc1f1858000 JavaThread "C2 CompilerThread0" daemon [_thread_blocked, id=18179, stack(0x00000001e35bf000,0x00000001e36bf000)]
  0x00007fc1f2802800 JavaThread "JDWP Command Reader" daemon [_thread_in_native, id=17667, stack(0x00000001e34bc000,0x00000001e35bc000)]
  0x00007fc1f1831800 JavaThread "JDWP Event Helper Thread" daemon [_thread_blocked, id=17155, stack(0x00000001e33b9000,0x00000001e34b9000)]
=>0x00007fc1f1013000 JavaThread "JDWP Transport Listener: dt_socket" daemon [_thread_in_vm, id=16643, stack(0x00000001e32b6000,0x00000001e33b6000)]
  0x00007fc1f2012800 JavaThread "Signal Dispatcher" daemon [_thread_blocked, id=13579, stack(0x00000001e31ac000,0x00000001e32ac000)]
  0x00007fc1f200c800 JavaThread "Finalizer" daemon [_thread_blocked, id=11523, stack(0x00000001e178e000,0x00000001e188e000)]
  0x00007fc1f1005800 JavaThread "Reference Handler" daemon [_thread_blocked, id=11011, stack(0x00000001e168b000,0x00000001e178b000)]
  0x00007fc1f2002000 JavaThread "main" [_thread_in_Java, id=4867, stack(0x000000010ac6e000,0x000000010ad6e000)]

Other Threads:
  0x00007fc1f1829000 VMThread [stack: 0x00000001e1588000,0x00000001e1688000] [id=10499]
  0x00007fc1f1857000 WatcherThread [stack: 0x00000001e39cb000,0x00000001e3acb000] [id=20227]

VM state:not at safepoint (normal execution)

VM Mutex/Monitor currently owned by a thread: None

Heap:
 PSYoungGen      total 38400K, used 1331K [0x0000000170180000, 0x0000000172c00000, 0x000000019ac00000)
  eden space 33280K, 4% used [0x0000000170180000,0x00000001702ccce8,0x0000000172200000)
  from space 5120K, 0% used [0x0000000172700000,0x0000000172700000,0x0000000172c00000)
  to   space 5120K, 0% used [0x0000000172200000,0x0000000172200000,0x0000000172700000)
 ParOldGen       total 87552K, used 0K [0x000000011ac00000, 0x0000000120180000, 0x0000000170180000)
  object space 87552K, 0% used [0x000000011ac00000,0x000000011ac00000,0x0000000120180000)
 Metaspace       used 2722K, capacity 4600K, committed 4864K, reserved 1056768K
  class space    used 297K, capacity 424K, committed 512K, reserved 1048576K

Card table byte_map: [0x000000019ac00000,0x000000019b001000] byte_map_base: 0x000000019a32a000

Marking Bits: (ParMarkBitMap*) 0x000000010a5a6d20
 Begin Bits: [0x000000019b6b8000, 0x000000019d6b8000)
 End Bits:   [0x000000019d6b8000, 0x000000019f6b8000)

Polling page: 0x000000010adb3000

CodeCache: size=245760Kb used=1080Kb max_used=1091Kb free=244679Kb
 bounds [0x000000010b615000, 0x000000010b885000, 0x000000011a615000]
 total_blobs=240 nmethods=18 adapters=145
 compilation: enabled

Compilation events (10 events):
Event: 0.575 Thread 0x00007fc1f101f000   14       3       java.lang.StringBuilder::append (8 bytes)
Event: 0.575 Thread 0x00007fc1f101f000 nmethod 14 0x000000010b721c90 code [0x000000010b721e00, 0x000000010b721fa8]
Event: 0.577 Thread 0x00007fc1f101f000   15       3       java.lang.System::getSecurityManager (4 bytes)
Event: 0.577 Thread 0x00007fc1f101f000 nmethod 15 0x000000010b722050 code [0x000000010b7221a0, 0x000000010b7222f0]
Event: 0.580 Thread 0x00007fc1f101f000   16 %     3       datastructures.linkedlist.LinkedListSort::sortAlreadySortedLinkedList @ 10 (42 bytes)
Event: 0.580 Thread 0x00007fc1f101f000 nmethod 16% 0x000000010b722350 code [0x000000010b7224c0, 0x000000010b7227b0]
Event: 0.580 Thread 0x00007fc1f101f000   17       3       datastructures.linkedlist.LinkedListSort::sortAlreadySortedLinkedList (42 bytes)
Event: 0.580 Thread 0x00007fc1f101f000 nmethod 17 0x000000010b722910 code [0x000000010b722a80, 0x000000010b722d10]
Event: 0.580 Thread 0x00007fc1f1858000   18 %     4       datastructures.linkedlist.LinkedListSort::sortAlreadySortedLinkedList @ 10 (42 bytes)
Event: 0.582 Thread 0x00007fc1f1858000 nmethod 18% 0x000000010b725c90 code [0x000000010b725e00, 0x000000010b726038]

GC Heap History (0 events):
No events

Deoptimization events (0 events):
No events

Internal exceptions (2 events):
Event: 0.050 Thread 0x00007fc1f2002000 Exception <a 'java/lang/NoSuchMethodError': Method sun.misc.Unsafe.defineClass(Ljava/lang/String;[BII)Ljava/lang/Class; name or signature does not match> (0x0000000170187cc0) thrown at [/HUDSON3/workspace/8-2-build-macosx-x86_64/jdk8u101/7261/hotspot/src/
Event: 0.050 Thread 0x00007fc1f2002000 Exception <a 'java/lang/NoSuchMethodError': Method sun.misc.Unsafe.prefetchRead(Ljava/lang/Object;J)V name or signature does not match> (0x0000000170187fa8) thrown at [/HUDSON3/workspace/8-2-build-macosx-x86_64/jdk8u101/7261/hotspot/src/share/vm/prims/jni

Events (10 events):
Event: 1295.831 Executing VM operation: ChangeBreakpoints
Event: 1295.831 Executing VM operation: ChangeBreakpoints done
Event: 1299.792 Executing VM operation: RedefineClasses
Event: 1299.792 Executing VM operation: RedefineClasses done
Event: 1299.797 Executing VM operation: ChangeBreakpoints
Event: 1299.798 Executing VM operation: ChangeBreakpoints done
Event: 1299.802 Executing VM operation: ChangeBreakpoints
Event: 1299.802 Executing VM operation: ChangeBreakpoints done
Event: 1355.941 Executing VM operation: RedefineClasses
Event: 1355.941 Executing VM operation: RedefineClasses done


Dynamic libraries:
0x000000000d481000 	/System/Library/Frameworks/Cocoa.framework/Versions/A/Cocoa
0x000000000d481000 	/System/Library/Frameworks/Security.framework/Versions/A/Security
0x000000000d481000 	/System/Library/Frameworks/ApplicationServices.framework/Versions/A/ApplicationServices
0x000000000d481000 	/usr/lib/libz.1.dylib
0x000000000d481000 	/usr/lib/libSystem.B.dylib
0x000000000d481000 	/usr/lib/libobjc.A.dylib
0x000000000d481000 	/System/Library/Frameworks/CoreFoundation.framework/Versions/A/CoreFoundation
0x000000000d481000 	/System/Library/Frameworks/Foundation.framework/Versions/C/Foundation
0x000000000d481000 	/System/Library/Frameworks/AppKit.framework/Versions/C/AppKit
0x000000000d481000 	/System/Library/Frameworks/CoreData.framework/Versions/A/CoreData
0x000000000d481000 	/System/Library/PrivateFrameworks/RemoteViewServices.framework/Versions/A/RemoteViewServices
0x000000000d481000 	/System/Library/PrivateFrameworks/UIFoundation.framework/Versions/A/UIFoundation
0x000000000d481000 	/System/Library/Frameworks/IOSurface.framework/Versions/A/IOSurface
0x000000000d481000 	/System/Library/Frameworks/AudioToolbox.framework/Versions/A/AudioToolbox
0x000000000d481000 	/System/Library/Frameworks/AudioUnit.framework/Versions/A/AudioUnit
0x000000000d481000 	/System/Library/PrivateFrameworks/DataDetectorsCore.framework/Versions/A/DataDetectorsCore
0x000000000d481000 	/System/Library/PrivateFrameworks/DesktopServicesPriv.framework/Versions/A/DesktopServicesPriv
0x000000000d481000 	/System/Library/Frameworks/Carbon.framework/Versions/A/Frameworks/HIToolbox.framework/Versions/A/HIToolbox
0x000000000d481000 	/System/Library/Frameworks/QuartzCore.framework/Versions/A/QuartzCore
0x000000000d481000 	/System/Library/Frameworks/Carbon.framework/Versions/A/Frameworks/SpeechRecognition.framework/Versions/A/SpeechRecognition
0x000000000d481000 	/usr/lib/libauto.dylib
0x000000000d481000 	/usr/lib/libicucore.A.dylib
0x000000000d481000 	/usr/lib/libxml2.2.dylib
0x000000000d481000 	/System/Library/PrivateFrameworks/CoreUI.framework/Versions/A/CoreUI
0x000000000d481000 	/System/Library/Frameworks/CoreAudio.framework/Versions/A/CoreAudio
0x000000000d481000 	/System/Library/Frameworks/DiskArbitration.framework/Versions/A/DiskArbitration
0x000000000d481000 	/usr/lib/liblangid.dylib
0x000000000d481000 	/System/Library/PrivateFrameworks/MultitouchSupport.framework/Versions/A/MultitouchSupport
0x000000000d481000 	/System/Library/Frameworks/IOKit.framework/Versions/A/IOKit
0x000000000d481000 	/usr/lib/libDiagnosticMessagesClient.dylib
0x000000000d481000 	/System/Library/Frameworks/CoreServices.framework/Versions/A/CoreServices
0x000000000d481000 	/System/Library/PrivateFrameworks/PerformanceAnalysis.framework/Versions/A/PerformanceAnalysis
0x000000000d481000 	/System/Library/PrivateFrameworks/GenerationalStorage.framework/Versions/A/GenerationalStorage
0x000000000d481000 	/System/Library/Frameworks/OpenGL.framework/Versions/A/OpenGL
0x000000000d481000 	/System/Library/PrivateFrameworks/Sharing.framework/Versions/A/Sharing
0x000000000d481000 	/System/Library/Frameworks/CoreGraphics.framework/Versions/A/CoreGraphics
0x000000000d481000 	/System/Library/Frameworks/CoreText.framework/Versions/A/CoreText
0x000000000d481000 	/System/Library/Frameworks/ImageIO.framework/Versions/A/ImageIO
0x000000000d481000 	/usr/lib/libextension.dylib
0x000000000d481000 	/System/Library/PrivateFrameworks/Backup.framework/Versions/A/Backup
0x000000000d481000 	/usr/lib/libarchive.2.dylib
0x000000000d481000 	/System/Library/Frameworks/CFNetwork.framework/Versions/A/CFNetwork
0x000000000d481000 	/System/Library/Frameworks/SystemConfiguration.framework/Versions/A/SystemConfiguration
0x000000000d481000 	/usr/lib/libCRFSuite.dylib
0x000000000d481000 	/usr/lib/libc++.1.dylib
0x000000000d481000 	/usr/lib/libc++abi.dylib
0x000000000d481000 	/usr/lib/system/libcache.dylib
0x000000000d481000 	/usr/lib/system/libcommonCrypto.dylib
0x000000000d481000 	/usr/lib/system/libcompiler_rt.dylib
0x000000000d481000 	/usr/lib/system/libcopyfile.dylib
0x000000000d481000 	/usr/lib/system/libcorecrypto.dylib
0x000000000d481000 	/usr/lib/system/libdispatch.dylib
0x000000000d481000 	/usr/lib/system/libdyld.dylib
0x000000000d481000 	/usr/lib/system/libkeymgr.dylib
0x000000000d481000 	/usr/lib/system/liblaunch.dylib
0x000000000d481000 	/usr/lib/system/libmacho.dylib
0x000000000d481000 	/usr/lib/system/libquarantine.dylib
0x000000000d481000 	/usr/lib/system/libremovefile.dylib
0x000000000d481000 	/usr/lib/system/libsystem_asl.dylib
0x000000000d481000 	/usr/lib/system/libsystem_blocks.dylib
0x000000000d481000 	/usr/lib/system/libsystem_c.dylib
0x000000000d481000 	/usr/lib/system/libsystem_configuration.dylib
0x000000000d481000 	/usr/lib/system/libsystem_coreservices.dylib
0x000000000d481000 	/usr/lib/system/libsystem_coretls.dylib
0x000000000d481000 	/usr/lib/system/libsystem_dnssd.dylib
0x000000000d481000 	/usr/lib/system/libsystem_info.dylib
0x000000000d481000 	/usr/lib/system/libsystem_kernel.dylib
0x000000000d481000 	/usr/lib/system/libsystem_m.dylib
0x000000000d481000 	/usr/lib/system/libsystem_malloc.dylib
0x000000000d481000 	/usr/lib/system/libsystem_network.dylib
0x000000000d481000 	/usr/lib/system/libsystem_networkextension.dylib
0x000000000d481000 	/usr/lib/system/libsystem_notify.dylib
0x000000000d481000 	/usr/lib/system/libsystem_platform.dylib
0x000000000d481000 	/usr/lib/system/libsystem_pthread.dylib
0x000000000d481000 	/usr/lib/system/libsystem_sandbox.dylib
0x000000000d481000 	/usr/lib/system/libsystem_secinit.dylib
0x000000000d481000 	/usr/lib/system/libsystem_stats.dylib
0x000000000d481000 	/usr/lib/system/libsystem_trace.dylib
0x000000000d481000 	/usr/lib/system/libunc.dylib
0x000000000d481000 	/usr/lib/system/libunwind.dylib
0x000000000d481000 	/usr/lib/system/libxpc.dylib
0x000000000d481000 	/usr/lib/libbz2.1.0.dylib
0x000000000d481000 	/usr/lib/liblzma.5.dylib
0x000000000d481000 	/usr/lib/libbsm.0.dylib
0x000000000d481000 	/usr/lib/libsqlite3.dylib
0x000000000d481000 	/usr/lib/system/libkxld.dylib
0x000000000d481000 	/usr/lib/libxar.1.dylib
0x000000000d481000 	/usr/lib/libpam.2.dylib
0x000000000d481000 	/usr/lib/libOpenScriptingUtil.dylib
0x000000000d481000 	/System/Library/Frameworks/CoreServices.framework/Versions/A/Frameworks/FSEvents.framework/Versions/A/FSEvents
0x000000000d481000 	/System/Library/Frameworks/CoreServices.framework/Versions/A/Frameworks/CarbonCore.framework/Versions/A/CarbonCore
0x000000000d481000 	/System/Library/Frameworks/CoreServices.framework/Versions/A/Frameworks/Metadata.framework/Versions/A/Metadata
0x000000000d481000 	/System/Library/Frameworks/CoreServices.framework/Versions/A/Frameworks/OSServices.framework/Versions/A/OSServices
0x000000000d481000 	/System/Library/Frameworks/CoreServices.framework/Versions/A/Frameworks/SearchKit.framework/Versions/A/SearchKit
0x000000000d481000 	/System/Library/Frameworks/CoreServices.framework/Versions/A/Frameworks/AE.framework/Versions/A/AE
0x000000000d481000 	/System/Library/Frameworks/CoreServices.framework/Versions/A/Frameworks/LaunchServices.framework/Versions/A/LaunchServices
0x000000000d481000 	/System/Library/Frameworks/CoreServices.framework/Versions/A/Frameworks/DictionaryServices.framework/Versions/A/DictionaryServices
0x000000000d481000 	/System/Library/Frameworks/NetFS.framework/Versions/A/NetFS
0x000000000d481000 	/System/Library/PrivateFrameworks/NetAuth.framework/Versions/A/NetAuth
0x000000000d481000 	/System/Library/PrivateFrameworks/login.framework/Versions/A/Frameworks/loginsupport.framework/Versions/A/loginsupport
0x000000000d481000 	/System/Library/PrivateFrameworks/TCC.framework/Versions/A/TCC
0x000000000d481000 	/usr/lib/libmecabra.dylib
0x000000000d481000 	/System/Library/Frameworks/ApplicationServices.framework/Versions/A/Frameworks/ATS.framework/Versions/A/ATS
0x000000000d481000 	/System/Library/Frameworks/ApplicationServices.framework/Versions/A/Frameworks/ColorSync.framework/Versions/A/ColorSync
0x000000000d481000 	/System/Library/Frameworks/ApplicationServices.framework/Versions/A/Frameworks/HIServices.framework/Versions/A/HIServices
0x000000000d481000 	/System/Library/Frameworks/ApplicationServices.framework/Versions/A/Frameworks/LangAnalysis.framework/Versions/A/LangAnalysis
0x000000000d481000 	/System/Library/Frameworks/ApplicationServices.framework/Versions/A/Frameworks/PrintCore.framework/Versions/A/PrintCore
0x000000000d481000 	/System/Library/Frameworks/ApplicationServices.framework/Versions/A/Frameworks/QD.framework/Versions/A/QD
0x000000000d481000 	/System/Library/Frameworks/ApplicationServices.framework/Versions/A/Frameworks/SpeechSynthesis.framework/Versions/A/SpeechSynthesis
0x000000000d481000 	/System/Library/Frameworks/Accelerate.framework/Versions/A/Accelerate
0x000000000d481000 	/System/Library/Frameworks/Accelerate.framework/Versions/A/Frameworks/vImage.framework/Versions/A/vImage
0x000000000d481000 	/System/Library/Frameworks/Accelerate.framework/Versions/A/Frameworks/vecLib.framework/Versions/A/vecLib
0x000000000d481000 	/System/Library/Frameworks/Accelerate.framework/Versions/A/Frameworks/vecLib.framework/Versions/A/libvDSP.dylib
0x000000000d481000 	/System/Library/Frameworks/Accelerate.framework/Versions/A/Frameworks/vecLib.framework/Versions/A/libvMisc.dylib
0x000000000d481000 	/System/Library/Frameworks/Accelerate.framework/Versions/A/Frameworks/vecLib.framework/Versions/A/libLAPACK.dylib
0x000000000d481000 	/System/Library/Frameworks/Accelerate.framework/Versions/A/Frameworks/vecLib.framework/Versions/A/libBLAS.dylib
0x000000000d481000 	/System/Library/Frameworks/Accelerate.framework/Versions/A/Frameworks/vecLib.framework/Versions/A/libLinearAlgebra.dylib
0x000000000d481000 	/System/Library/Frameworks/ApplicationServices.framework/Versions/A/Frameworks/ATS.framework/Versions/A/Resources/libFontParser.dylib
0x000000000d481000 	/System/Library/Frameworks/ApplicationServices.framework/Versions/A/Frameworks/ATS.framework/Versions/A/Resources/libFontRegistry.dylib
0x000000000d481000 	/System/Library/PrivateFrameworks/AppleVPA.framework/Versions/A/AppleVPA
0x000000000d481000 	/System/Library/PrivateFrameworks/AppleJPEG.framework/Versions/A/AppleJPEG
0x000000000d481000 	/System/Library/Frameworks/ImageIO.framework/Versions/A/Resources/libJPEG.dylib
0x000000000d481000 	/System/Library/Frameworks/ImageIO.framework/Versions/A/Resources/libTIFF.dylib
0x000000000d481000 	/System/Library/Frameworks/ImageIO.framework/Versions/A/Resources/libPng.dylib
0x000000000d481000 	/System/Library/Frameworks/ImageIO.framework/Versions/A/Resources/libGIF.dylib
0x000000000d481000 	/System/Library/Frameworks/ImageIO.framework/Versions/A/Resources/libJP2.dylib
0x000000000d481000 	/System/Library/Frameworks/ImageIO.framework/Versions/A/Resources/libRadiance.dylib
0x000000000d481000 	/System/Library/Frameworks/CoreVideo.framework/Versions/A/CoreVideo
0x000000000d481000 	/System/Library/Frameworks/OpenGL.framework/Versions/A/Libraries/libGLU.dylib
0x000000000d481000 	/System/Library/Frameworks/OpenGL.framework/Versions/A/Libraries/libGFXShared.dylib
0x000000000d481000 	/System/Library/Frameworks/OpenGL.framework/Versions/A/Libraries/libGL.dylib
0x000000000d481000 	/System/Library/Frameworks/OpenGL.framework/Versions/A/Libraries/libGLImage.dylib
0x000000000d481000 	/System/Library/Frameworks/OpenGL.framework/Versions/A/Libraries/libCVMSPluginSupport.dylib
0x000000000d481000 	/System/Library/Frameworks/OpenGL.framework/Versions/A/Libraries/libCoreVMClient.dylib
0x000000000d481000 	/usr/lib/libcups.2.dylib
0x000000000d481000 	/System/Library/Frameworks/Kerberos.framework/Versions/A/Kerberos
0x000000000d481000 	/System/Library/Frameworks/GSS.framework/Versions/A/GSS
0x000000000d481000 	/usr/lib/libresolv.9.dylib
0x000000000d481000 	/usr/lib/libiconv.2.dylib
0x000000000d481000 	/System/Library/PrivateFrameworks/Heimdal.framework/Versions/A/Heimdal
0x000000000d481000 	/usr/lib/libheimdal-asn1.dylib
0x000000000d481000 	/System/Library/Frameworks/OpenDirectory.framework/Versions/A/OpenDirectory
0x000000000d481000 	/System/Library/PrivateFrameworks/CommonAuth.framework/Versions/A/CommonAuth
0x000000000d481000 	/System/Library/Frameworks/OpenDirectory.framework/Versions/A/Frameworks/CFOpenDirectory.framework/Versions/A/CFOpenDirectory
0x000000000d481000 	/System/Library/Frameworks/SecurityFoundation.framework/Versions/A/SecurityFoundation
0x000000000d481000 	/System/Library/PrivateFrameworks/LanguageModeling.framework/Versions/A/LanguageModeling
0x000000000d481000 	/usr/lib/libcmph.dylib
0x000000000d481000 	/System/Library/Frameworks/ServiceManagement.framework/Versions/A/ServiceManagement
0x000000000d481000 	/usr/lib/libxslt.1.dylib
0x000000000d481000 	/System/Library/Frameworks/Carbon.framework/Versions/A/Frameworks/Ink.framework/Versions/A/Ink
0x000000000d481000 	/System/Library/Frameworks/QuartzCore.framework/Versions/A/Frameworks/CoreImage.framework/Versions/A/CoreImage
0x000000000d481000 	/System/Library/PrivateFrameworks/CrashReporterSupport.framework/Versions/A/CrashReporterSupport
0x000000000d481000 	/System/Library/Frameworks/OpenCL.framework/Versions/A/OpenCL
0x000000000d481000 	/System/Library/PrivateFrameworks/FaceCore.framework/Versions/A/FaceCore
0x000000000d481000 	/System/Library/PrivateFrameworks/Ubiquity.framework/Versions/A/Ubiquity
0x000000000d481000 	/System/Library/PrivateFrameworks/IconServices.framework/Versions/A/IconServices
0x000000000d481000 	/System/Library/PrivateFrameworks/ChunkingLibrary.framework/Versions/A/ChunkingLibrary
0x000000000d481000 	/System/Library/PrivateFrameworks/Apple80211.framework/Versions/A/Apple80211
0x000000000d481000 	/System/Library/Frameworks/CoreWLAN.framework/Versions/A/CoreWLAN
0x000000000d481000 	/System/Library/Frameworks/IOBluetooth.framework/Versions/A/IOBluetooth
0x000000000d481000 	/System/Library/PrivateFrameworks/CoreWiFi.framework/Versions/A/CoreWiFi
0x000000000d481000 	/System/Library/Frameworks/CoreBluetooth.framework/Versions/A/CoreBluetooth
0x000000000d481000 	/System/Library/PrivateFrameworks/DebugSymbols.framework/Versions/A/DebugSymbols
0x000000000d481000 	/System/Library/PrivateFrameworks/CoreSymbolication.framework/Versions/A/CoreSymbolication
0x000000000d481000 	/System/Library/PrivateFrameworks/Symbolication.framework/Versions/A/Symbolication
0x000000000d481000 	/System/Library/PrivateFrameworks/SpeechRecognitionCore.framework/Versions/A/SpeechRecognitionCore
0x0000000109cb9000 	/Library/Java/JavaVirtualMachines/jdk1.8.0_101.jdk/Contents/Home/jre/lib/server/libjvm.dylib
0x000000000d481000 	/usr/lib/libstdc++.6.dylib
0x000000010ad70000 	/Library/Java/JavaVirtualMachines/jdk1.8.0_101.jdk/Contents/Home/jre/lib/libverify.dylib
0x000000010ad7e000 	/Library/Java/JavaVirtualMachines/jdk1.8.0_101.jdk/Contents/Home/jre/lib/libjava.dylib
0x000000010adb4000 	/Library/Java/JavaVirtualMachines/jdk1.8.0_101.jdk/Contents/Home/jre/lib/libjdwp.dylib
0x000000010b600000 	/Library/Java/JavaVirtualMachines/jdk1.8.0_101.jdk/Contents/Home/jre/lib/libnpt.dylib
0x000000010b60c000 	/Library/Java/JavaVirtualMachines/jdk1.8.0_101.jdk/Contents/Home/jre/lib/libzip.dylib
0x00000001e1890000 	/System/Library/Frameworks/JavaVM.framework/Frameworks/JavaRuntimeSupport.framework/JavaRuntimeSupport
0x00000001e18a6000 	/System/Library/Frameworks/JavaVM.framework/Versions/A/Frameworks/JavaNativeFoundation.framework/Versions/A/JavaNativeFoundation
0x00000001e18ba000 	/System/Library/Frameworks/JavaVM.framework/Versions/A/JavaVM
0x000000000d481000 	/System/Library/Frameworks/Carbon.framework/Versions/A/Carbon
0x00000001e18c6000 	/System/Library/PrivateFrameworks/JavaLaunching.framework/Versions/A/JavaLaunching
0x000000000d481000 	/System/Library/Frameworks/Carbon.framework/Versions/A/Frameworks/CommonPanels.framework/Versions/A/CommonPanels
0x000000000d481000 	/System/Library/Frameworks/Carbon.framework/Versions/A/Frameworks/Help.framework/Versions/A/Help
0x000000000d481000 	/System/Library/Frameworks/Carbon.framework/Versions/A/Frameworks/ImageCapture.framework/Versions/A/ImageCapture
0x000000000d481000 	/System/Library/Frameworks/Carbon.framework/Versions/A/Frameworks/OpenScripting.framework/Versions/A/OpenScripting
0x000000000d481000 	/System/Library/Frameworks/Carbon.framework/Versions/A/Frameworks/Print.framework/Versions/A/Print
0x000000000d481000 	/System/Library/Frameworks/Carbon.framework/Versions/A/Frameworks/SecurityHI.framework/Versions/A/SecurityHI
0x00000001e32ae000 	/Library/Java/JavaVirtualMachines/jdk1.8.0_101.jdk/Contents/Home/jre/lib/libdt_socket.dylib

VM Arguments:
jvm_args: -agentlib:jdwp=transport=dt_socket,suspend=y,address=localhost:51938 -Dfile.encoding=UTF-8 
java_command: datastructures.linkedlist.LinkedListSort
java_class_path (initial): /Users/g09562357/Documents/ecllipse_workspace/DataStructure_Algorithms/bin
Launcher Type: SUN_STANDARD

Environment Variables:
PATH=/usr/bin:/bin:/usr/sbin:/sbin
SHELL=/bin/bash

Signal Handlers:
SIGSEGV: [libjvm.dylib+0x5af145], sa_mask[0]=11111111011111110111111111111111, sa_flags=SA_ONSTACK|SA_RESTART|SA_SIGINFO
SIGBUS: [libjvm.dylib+0x5af145], sa_mask[0]=11111111011111110111111111111111, sa_flags=SA_RESTART|SA_SIGINFO
SIGFPE: [libjvm.dylib+0x48694c], sa_mask[0]=11111111011111110111111111111111, sa_flags=SA_RESTART|SA_SIGINFO
SIGPIPE: [libjvm.dylib+0x48694c], sa_mask[0]=11111111011111110111111111111111, sa_flags=SA_RESTART|SA_SIGINFO
SIGXFSZ: [libjvm.dylib+0x48694c], sa_mask[0]=11111111011111110111111111111111, sa_flags=SA_RESTART|SA_SIGINFO
SIGILL: [libjvm.dylib+0x48694c], sa_mask[0]=11111111011111110111111111111111, sa_flags=SA_RESTART|SA_SIGINFO
SIGUSR1: SIG_DFL, sa_mask[0]=00000000000000000000000000000000, sa_flags=none
SIGUSR2: [libjvm.dylib+0x48646a], sa_mask[0]=00100000000000000000000000000000, sa_flags=SA_RESTART|SA_SIGINFO
SIGHUP: [libjvm.dylib+0x484a41], sa_mask[0]=11111111011111110111111111111111, sa_flags=SA_RESTART|SA_SIGINFO
SIGINT: [libjvm.dylib+0x484a41], sa_mask[0]=11111111011111110111111111111111, sa_flags=SA_RESTART|SA_SIGINFO
SIGTERM: [libjvm.dylib+0x484a41], sa_mask[0]=11111111011111110111111111111111, sa_flags=SA_RESTART|SA_SIGINFO
SIGQUIT: [libjvm.dylib+0x484a41], sa_mask[0]=11111111011111110111111111111111, sa_flags=SA_RESTART|SA_SIGINFO


---------------  S Y S T E M  ---------------

OS:Bsduname:Darwin 14.5.0 Darwin Kernel Version 14.5.0: Sun Sep 25 22:07:15 PDT 2016; root:xnu-2782.50.9~1/RELEASE_X86_64 x86_64
rlimit: STACK 8192k, CORE 0k, NPROC 709, NOFILE 10240, AS infinity
load average:2.42 2.27 2.03

CPU:total 4 (2 cores per cpu, 2 threads per core) family 6 model 61 stepping 4, cmov, cx8, fxsr, mmx, sse, sse2, sse3, ssse3, sse4.1, sse4.2, popcnt, avx, avx2, aes, clmul, erms, 3dnowpref, lzcnt, ht, tsc, tscinvbit, bmi1, bmi2, adx

Memory: 4k page, physical 8388608k(379944k free)

/proc/meminfo:


vm_info: Java HotSpot(TM) 64-Bit Server VM (25.101-b13) for bsd-amd64 JRE (1.8.0_101-b13), built on Jun 22 2016 02:42:15 by "java_re" with gcc 4.2.1 (Based on Apple Inc. build 5658) (LLVM build 2336.11.00)

time: Mon May 29 17:24:21 2017
elapsed time: 1355 seconds (0d 0h 22m 35s)

